<?xml version="1.0" encoding="UTF-8"?>
<!-- Generated by org.testng.reporters.JUnitXMLReporter -->
<testsuite hostname="DESKTOP-5UOQSFA" ignored="3" name="Default test" tests="1" failures="0" timestamp="08 nov 2019 00:29:04 GMT" time="0.084" errors="0">
  <testcase name="prueba" time="0.021" classname="com.hbt.semillero.servicios.AppTest"/>
  <testcase name="invertirCadenaTest" time="0.0" classname="com.hbt.semillero.servicios.AppTest">
    <ignored/>
  </testcase> <!-- invertirCadenaTest -->
  <testcase name="toStringComicTest" time="0.0" classname="com.hbt.semillero.servicios.AppTest">
    <ignored/>
  </testcase> <!-- toStringComicTest -->
  <testcase name="metodosEstadoENUMTest" time="0.0" classname="com.hbt.semillero.servicios.AppTest">
    <ignored/>
  </testcase> <!-- metodosEstadoENUMTest -->
</testsuite> <!-- Default test -->
