<?xml version="1.0" encoding="UTF-8"?>
<!-- Generated by org.testng.reporters.JUnitXMLReporter -->
<testsuite hostname="DESKTOP-5UOQSFA" ignored="1" name="Default test" tests="1" failures="0" timestamp="14 nov 2019 01:01:19 GMT" time="0.078" errors="0">
  <testcase name="ejercicio5" time="0.026" classname="com.hbt.semillero.servicios.EjerciciosTest"/>
  <testcase name="ejercicio4" time="0.0" classname="com.hbt.semillero.servicios.EjerciciosTest">
    <ignored/>
  </testcase> <!-- ejercicio4 -->
</testsuite> <!-- Default test -->
