<?xml version="1.0" encoding="UTF-8"?>
<testng-results skipped="0" failed="0" ignored="3" total="4" passed="1">
  <reporter-output>
  </reporter-output>
  <suite name="Default suite" duration-ms="62" started-at="2019-11-20T03:03:56Z" finished-at="2019-11-20T03:03:56Z">
    <groups>
    </groups>
    <test name="Default test" duration-ms="62" started-at="2019-11-20T03:03:56Z" finished-at="2019-11-20T03:03:56Z">
      <class name="com.hbt.semillero.servicios.AppTest">
        <test-method status="PASS" signature="pruebaa()[pri:0, instance:com.hbt.semillero.servicios.AppTest@1593948d]" name="pruebaa" duration-ms="19" started-at="2019-11-20T03:03:56Z" finished-at="2019-11-20T03:03:56Z">
          <reporter-output>
          </reporter-output>
        </test-method> <!-- pruebaa -->
      </class> <!-- com.hbt.semillero.servicios.AppTest -->
    </test> <!-- Default test -->
  </suite> <!-- Default suite -->
</testng-results>
