<?xml version="1.0" encoding="UTF-8"?>
<testng-results skipped="0" failed="0" ignored="0" total="2" passed="2">
  <reporter-output>
  </reporter-output>
  <suite name="Default suite" duration-ms="227" started-at="2019-11-05T18:39:02Z" finished-at="2019-11-05T18:39:03Z">
    <groups>
    </groups>
    <test name="Default test" duration-ms="227" started-at="2019-11-05T18:39:02Z" finished-at="2019-11-05T18:39:03Z">
      <class name="com.hbt.semillero.servicios.GestionarComicPOJOTest">
        <test-method status="PASS" signature="crearComicDTOTest()[pri:0, instance:com.hbt.semillero.servicios.GestionarComicPOJOTest@cc285f4]" name="crearComicDTOTest" is-config="true" duration-ms="176" started-at="2019-11-05T18:39:02Z" finished-at="2019-11-05T18:39:03Z">
          <reporter-output>
          </reporter-output>
        </test-method> <!-- crearComicDTOTest -->
        <test-method status="PASS" signature="eliminarComicDTOTest()[pri:0, instance:com.hbt.semillero.servicios.GestionarComicPOJOTest@cc285f4]" name="eliminarComicDTOTest" duration-ms="8" started-at="2019-11-05T18:39:03Z" finished-at="2019-11-05T18:39:03Z">
          <reporter-output>
          </reporter-output>
        </test-method> <!-- eliminarComicDTOTest -->
        <test-method status="PASS" signature="modificarComicDTOTest()[pri:0, instance:com.hbt.semillero.servicios.GestionarComicPOJOTest@cc285f4]" name="modificarComicDTOTest" duration-ms="4" started-at="2019-11-05T18:39:03Z" finished-at="2019-11-05T18:39:03Z">
          <reporter-output>
          </reporter-output>
        </test-method> <!-- modificarComicDTOTest -->
      </class> <!-- com.hbt.semillero.servicios.GestionarComicPOJOTest -->
    </test> <!-- Default test -->
  </suite> <!-- Default suite -->
</testng-results>
